<?xml version="1.0"?>
<testsuites name="TODO SET" time="TODO SET" tests="729" failures="30" errors="4"><testsuite id="0" name="Flag" hostname="TODO: Set Hostname" package="Flag" tests="719" failures="22" errors="2"><testcase classname="Flag.Drupal\flag\Tests\LinkTypeFieldEntryTest" name="setUp" status="pass" assertions="5"><system-out><![CDATA[]]></system-out></testcase><testcase classname="Flag.Drupal\flag\Tests\LinkTypeFieldEntryTest" name="testCreateFieldEntryFlag" status="pass" assertions="5"><system-out><![CDATA[]]></system-out></testcase><testcase classname="Flag.Drupal\flag\Tests\LinkTypeFieldEntryTest" name="createFlagFromArray" status="pass" assertions="1"><system-out><![CDATA[]]></system-out></testcase><testcase classname="Flag.Drupal\flag\Tests\LinkTypeFieldEntryTest" name="doAddFields" status="pass" assertions="3"><system-out><![CDATA[]]></system-out></testcase><testcase classname="Flag.Drupal\flag\Tests\LinkTypeFieldEntryTest" name="fieldUIAddNewField" status="pass" assertions="13"><system-out><![CDATA[]]></system-out></testcase><testcase classname="Flag.Drupal\flag\Tests\LinkTypeFieldEntryTest" name="doFlagNode" status="pass" assertions="20"><system-out><![CDATA[]]></system-out></testcase><testcase classname="Flag.Drupal\flag\Tests\LinkTypeFieldEntryTest" name="doEditFlagField" status="pass" assertions="13"><system-out><![CDATA[]]></system-out></testcase><testcase classname="Flag.Drupal\flag\Tests\LinkTypeFieldEntryTest" name="doBadEditFlagField" status="pass" assertions="9"><system-out><![CDATA[]]></system-out></testcase><testcase classname="Flag.Drupal\flag\Tests\LinkTypeFieldEntryTest" name="doUnflagNode" status="pass" assertions="15"><system-out><![CDATA[]]></system-out></testcase><testcase classname="Flag.Drupal\flag\Tests\UserFlagTypeTest" name="setUp" status="pass" assertions="10"><system-out><![CDATA[]]></system-out></testcase><testcase classname="Flag.Drupal\flag\Tests\UserFlagTypeTest" name="testFlagSelfCheckbox" status="failed" assertions="11"><failure message="fail: [Other] Line 32 of modules/flag/src/Tests/UserFlagTypeTest.php:&#10;&quot;Users may flag themselves&quot; found&#10;&#10;" type="fail"/><system-out><![CDATA[]]></system-out></testcase><testcase classname="Flag.Drupal\flag\Tests\UserFlagTypeTest" name="testFlagSelf" status="failed" assertions="22"><failure message="fail: [Browser] Line 54 of modules/flag/src/Tests/UserFlagTypeTest.php:&#10;Checkbox field edit-access-uid is checked.&#10;&#10;fail: [Other] Line 58 of modules/flag/src/Tests/UserFlagTypeTest.php:&#10;Link with label G!v2&gt;&amp;,{ found.&#10;&#10;fail: [Other] Line 63 of modules/flag/src/Tests/UserFlagTypeTest.php:&#10;Failed to set field access_uid to &#10;&#10;fail: [Other] Line 63 of modules/flag/src/Tests/UserFlagTypeTest.php:&#10;Found the requested form fields at admin/structure/flags/manage/f3lthahw&#10;&#10;fail: [Browser] Line 66 of modules/flag/src/Tests/UserFlagTypeTest.php:&#10;Checkbox field edit-access-uid is not checked.&#10;&#10;" type="fail"/><system-out><![CDATA[]]></system-out></testcase><testcase classname="Flag.Drupal\flag\Tests\UserFlagTypeTest" name="createFlagFromArray" status="pass" assertions="1"><system-out><![CDATA[]]></system-out></testcase><testcase classname="Flag.Drupal\flag\Tests\UserFlagTypeTest" name="canUsersFlagThemselves" status="failed" assertions="2"><error message="exception: [Notice] Line 88 of modules/flag/src/Plugin/Flag/UserFlagType.php:&#10;Undefined index: access_uid&#10;&#10;exception: [Notice] Line 88 of modules/flag/src/Plugin/Flag/UserFlagType.php:&#10;Undefined index: access_uid&#10;&#10;" type="exception"/><system-out><![CDATA[]]></system-out></testcase><testcase classname="Flag.Drupal\flag\Tests\LinkOwnershipAccessTest" name="setUp" status="pass" assertions="5"><system-out><![CDATA[]]></system-out></testcase><testcase classname="Flag.Drupal\flag\Tests\LinkOwnershipAccessTest" name="createFlagFromArray" status="pass" assertions="2"><system-out><![CDATA[]]></system-out></testcase><testcase classname="Flag.Drupal\flag\Tests\LinkOwnershipAccessTest" name="doFlagOwnershipAccessTest" status="pass" assertions="27"><system-out><![CDATA[]]></system-out></testcase><testcase classname="Flag.Drupal\flag\Tests\LinkOwnershipAccessTest" name="doGlobalFlagOwnershipAccessTest" status="pass" assertions="32"><system-out><![CDATA[]]></system-out></testcase><testcase classname="Flag.Drupal\flag\Tests\LinkTypeAjaxTest" name="setUp" status="pass" assertions="5"><system-out><![CDATA[]]></system-out></testcase><testcase classname="Flag.Drupal\flag\Tests\LinkTypeAjaxTest" name="doCreateAjaxFlag" status="pass" assertions="5"><system-out><![CDATA[]]></system-out></testcase><testcase classname="Flag.Drupal\flag\Tests\LinkTypeAjaxTest" name="createFlagWithForm" status="pass" assertions="9"><system-out><![CDATA[]]></system-out></testcase><testcase classname="Flag.Drupal\flag\Tests\LinkTypeAjaxTest" name="doUseAjaxFlag" status="pass" assertions="30"><system-out><![CDATA[]]></system-out></testcase><testcase classname="Flag.Drupal\flag\Tests\LinkTypeAjaxTest" name="nkno" status="failed" assertions="1"><failure message="fail: [Fatal error] Line 0 of :&#10;[31-Oct-2016 12:59:22 Australia/Sydney] Uncaught PHP Exception Drupal\Core\Config\Schema\SchemaIncompleteException: &quot;Schema errors for flag.flag.rpg5d9lc with the following errors: flag.flag.rpg5d9lc:flagTypeConfig.extra_permissions.owner missing schema&quot; at /var/www/html/core/lib/Drupal/Core/Config/Testing/ConfigSchemaChecker.php line 93&#10;&#10;&#10;" type="fail"/><system-out><![CDATA[]]></system-out></testcase><testcase classname="Flag.Drupal\flag\Tests\LinkTypeReloadTest" name="setUp" status="pass" assertions="5"><system-out><![CDATA[]]></system-out></testcase><testcase classname="Flag.Drupal\flag\Tests\LinkTypeReloadTest" name="testFlagReloadLink" status="pass" assertions="8"><system-out><![CDATA[]]></system-out></testcase><testcase classname="Flag.Drupal\flag\Tests\LinkTypeReloadTest" name="createFlagFromArray" status="pass" assertions="1"><system-out><![CDATA[]]></system-out></testcase><testcase classname="Flag.Drupal\flag\Tests\LinkTypeReloadTest" name="doFlagNode" status="pass" assertions="35"><system-out><![CDATA[]]></system-out></testcase><testcase classname="Flag.Drupal\flag\Tests\FlagContextualLinksTest" name="setUp" status="pass" assertions="6"><system-out><![CDATA[]]></system-out></testcase><testcase classname="Flag.Drupal\flag\Tests\FlagContextualLinksTest" name="doCreateFlag" status="pass" assertions="5"><system-out><![CDATA[]]></system-out></testcase><testcase classname="Flag.Drupal\flag\Tests\FlagContextualLinksTest" name="createFlagWithForm" status="pass" assertions="9"><system-out><![CDATA[]]></system-out></testcase><testcase classname="Flag.Drupal\flag\Tests\FlagContextualLinksTest" name="doFlagNode" status="pass" assertions="33"><system-out><![CDATA[]]></system-out></testcase><testcase classname="Flag.Drupal\flag\Tests\FlagContextualLinksTest" name="renderContextualLinks" status="pass" assertions="3"><system-out><![CDATA[]]></system-out></testcase><testcase classname="Flag.Drupal\flag\Tests\FlagContextualLinksTest" name="getFlagContextualLinkUrl" status="pass" assertions="3"><system-out><![CDATA[]]></system-out></testcase><testcase classname="Flag.Drupal\flag\Tests\FlagContextualLinksTest" name="nkno" status="failed" assertions="1"><failure message="fail: [Fatal error] Line 0 of :&#10;[31-Oct-2016 12:59:37 Australia/Sydney] Uncaught PHP Exception Drupal\Core\Config\Schema\SchemaIncompleteException: &quot;Schema errors for flag.flag.test_label_123 with the following errors: flag.flag.test_label_123:flagTypeConfig.extra_permissions.owner missing schema&quot; at /var/www/html/core/lib/Drupal/Core/Config/Testing/ConfigSchemaChecker.php line 93&#10;&#10;&#10;" type="fail"/><system-out><![CDATA[]]></system-out></testcase><testcase classname="Flag.Drupal\flag\Tests\LinkTypeConfirmFormTest" name="setUp" status="pass" assertions="5"><system-out><![CDATA[]]></system-out></testcase><testcase classname="Flag.Drupal\flag\Tests\LinkTypeConfirmFormTest" name="testCreateConfirmFlag" status="pass" assertions="5"><system-out><![CDATA[]]></system-out></testcase><testcase classname="Flag.Drupal\flag\Tests\LinkTypeConfirmFormTest" name="doConfirmFormUI" status="pass" assertions="8"><system-out><![CDATA[]]></system-out></testcase><testcase classname="Flag.Drupal\flag\Tests\LinkTypeConfirmFormTest" name="createFlagFromArray" status="pass" assertions="1"><system-out><![CDATA[]]></system-out></testcase><testcase classname="Flag.Drupal\flag\Tests\LinkTypeConfirmFormTest" name="doFlagUnflagNode" status="pass" assertions="37"><system-out><![CDATA[]]></system-out></testcase><testcase classname="Flag.Drupal\flag\Tests\FlagPermissionsTest" name="setUp" status="pass" assertions="12"><system-out><![CDATA[]]></system-out></testcase><testcase classname="Flag.Drupal\flag\Tests\FlagPermissionsTest" name="createFlagFromArray" status="pass" assertions="1"><system-out><![CDATA[]]></system-out></testcase><testcase classname="Flag.Drupal\flag\Tests\FlagPermissionsTest" name="testPermissions" status="pass" assertions="59"><system-out><![CDATA[]]></system-out></testcase><testcase classname="Flag.Drupal\flag\Tests\AdminUITest" name="setUp" status="pass" assertions="10"><system-out><![CDATA[]]></system-out></testcase><testcase classname="Flag.Drupal\flag\Tests\AdminUITest" name="doFlagAdd" status="failed" assertions="10"><failure message="fail: [Other] Line 123 of modules/flag/src/Tests/AdminUITest.php:&#10;&quot;Flag Test label 123 has been added.&quot; found&#10;&#10;" type="fail"/><system-out><![CDATA[]]></system-out></testcase><testcase classname="Flag.Drupal\flag\Tests\AdminUITest" name="doFlagEdit" status="pass" assertions="3"><system-out><![CDATA[]]></system-out></testcase><testcase classname="Flag.Drupal\flag\Tests\AdminUITest" name="doFlagDisable" status="failed" assertions="13"><failure message="fail: [Browser] Line 150 of modules/flag/src/Tests/AdminUITest.php:&#10;HTTP response expected 200, actual 500&#10;&#10;" type="fail"/><system-out><![CDATA[]]></system-out></testcase><testcase classname="Flag.Drupal\flag\Tests\AdminUITest" name="doFlagEnable" status="failed" assertions="13"><failure message="fail: [Browser] Line 167 of modules/flag/src/Tests/AdminUITest.php:&#10;HTTP response expected 200, actual 500&#10;&#10;" type="fail"/><system-out><![CDATA[]]></system-out></testcase><testcase classname="Flag.Drupal\flag\Tests\AdminUITest" name="doFlagReset" status="pass" assertions="7"><system-out><![CDATA[]]></system-out></testcase><testcase classname="Flag.Drupal\flag\Tests\AdminUITest" name="createFlagFromArray" status="pass" assertions="10"><system-out><![CDATA[]]></system-out></testcase><testcase classname="Flag.Drupal\flag\Tests\AdminUITest" name="doFlagChangeWeights" status="pass" assertions="15"><system-out><![CDATA[]]></system-out></testcase><testcase classname="Flag.Drupal\flag\Tests\AdminUITest" name="doFlagDelete" status="pass" assertions="13"><system-out><![CDATA[]]></system-out></testcase><testcase classname="Flag.Drupal\flag\Tests\AdminUITest" name="nkno" status="failed" assertions="3"><failure message="fail: [Fatal error] Line 0 of :&#10;[31-Oct-2016 12:59:49 Australia/Sydney] Uncaught PHP Exception Drupal\Core\Config\Schema\SchemaIncompleteException: &quot;Schema errors for flag.flag.test_label_123 with the following errors: flag.flag.test_label_123:flagTypeConfig.extra_permissions.owner missing schema&quot; at /var/www/html/core/lib/Drupal/Core/Config/Testing/ConfigSchemaChecker.php line 93&#10;&#10;&#10;fail: [Fatal error] Line 0 of :&#10;[31-Oct-2016 12:59:50 Australia/Sydney] Uncaught PHP Exception Drupal\Core\Config\Schema\SchemaIncompleteException: &quot;Schema errors for flag.flag.test_label_123 with the following errors: flag.flag.test_label_123:flagTypeConfig.extra_permissions.owner missing schema&quot; at /var/www/html/core/lib/Drupal/Core/Config/Testing/ConfigSchemaChecker.php line 93&#10;&#10;&#10;fail: [Fatal error] Line 0 of :&#10;[31-Oct-2016 12:59:51 Australia/Sydney] Uncaught PHP Exception Drupal\Core\Config\Schema\SchemaIncompleteException: &quot;Schema errors for flag.flag.test_label_123 with the following errors: flag.flag.test_label_123:flagTypeConfig.extra_permissions.owner missing schema&quot; at /var/www/html/core/lib/Drupal/Core/Config/Testing/ConfigSchemaChecker.php line 93&#10;&#10;&#10;" type="fail"/><system-out><![CDATA[]]></system-out></testcase><testcase classname="Flag.Drupal\flag\Tests\LinkOutputLocationTest" name="setUp" status="pass" assertions="20"><system-out><![CDATA[]]></system-out></testcase><testcase classname="Flag.Drupal\flag\Tests\LinkOutputLocationTest" name="createFlagFromArray" status="pass" assertions="2"><system-out><![CDATA[]]></system-out></testcase><testcase classname="Flag.Drupal\flag\Tests\LinkOutputLocationTest" name="testLinkLocation" status="failed" assertions="24"><failure message="fail: [Other] Line 113 of modules/flag/src/Tests/LinkOutputLocationTest.php:&#10;Failed to set field fields[flag_uutge0dk][region] to hidden&#10;&#10;fail: [Other] Line 113 of modules/flag/src/Tests/LinkOutputLocationTest.php:&#10;Found the requested form fields at admin/structure/types/manage/article/display/teaser&#10;&#10;fail: [Other] Line 116 of modules/flag/src/Tests/LinkOutputLocationTest.php:&#10;&quot;Your settings have been saved.&quot; found&#10;&#10;fail: [Other] Line 125 of modules/flag/src/Tests/LinkOutputLocationTest.php:&#10;The flag link is not shown as a field.&#10;&#10;" type="fail"/><system-out><![CDATA[]]></system-out></testcase><testcase classname="Flag.Drupal\flag\Tests\LinkOutputLocationTest" name="testNoLinkLocation" status="pass" assertions="12"><system-out><![CDATA[]]></system-out></testcase><testcase classname="Flag.Drupal\flag\Tests\ShowOnEntityFormTest" name="setUp" status="pass" assertions="5"><system-out><![CDATA[]]></system-out></testcase><testcase classname="Flag.Drupal\flag\Tests\ShowOnEntityFormTest" name="testEntityForm" status="pass" assertions="22"><system-out><![CDATA[]]></system-out></testcase><testcase classname="Flag.Drupal\flag\Tests\ShowOnEntityFormTest" name="createFlagFromArray" status="pass" assertions="1"><system-out><![CDATA[]]></system-out></testcase><testcase classname="Flag.Drupal\flag\Tests\FlagUninstallTest" name="setUp" status="pass" assertions="13"><system-out><![CDATA[]]></system-out></testcase><testcase classname="Flag.Drupal\flag\Tests\FlagUninstallTest" name="createFlagFromArray" status="pass" assertions="2"><system-out><![CDATA[]]></system-out></testcase><testcase classname="Flag.Drupal\flag\Tests\FlagUninstallTest" name="testUninstall" status="pass" assertions="24"><system-out><![CDATA[]]></system-out></testcase><testcase classname="Flag.Drupal\flag\Tests\FlagUninstallTest" name="checkCountsExist" status="pass" assertions="1"><system-out><![CDATA[]]></system-out></testcase><testcase classname="Flag.Drupal\flag\Tests\FlagUninstallTest" name="checkNoCountsExist" status="pass" assertions="1"><system-out><![CDATA[]]></system-out></testcase><testcase classname="Flag.Drupal\Tests\flag\Kernel\FlagCountsTest" name="testFlagCounts" status="pass" assertions="1"><system-out><![CDATA[]]></system-out></testcase><testcase classname="Flag.Drupal\Tests\flag\Kernel\FlagCountsTest" name="testFlagDeletion" status="pass" assertions="1"><system-out><![CDATA[]]></system-out></testcase><testcase classname="Flag.Drupal\Tests\flag\Kernel\FlagCountsTest" name="testEntityDeletion" status="pass" assertions="1"><system-out><![CDATA[]]></system-out></testcase><testcase classname="Flag.Drupal\Tests\flag\Kernel\FlagCountsTest" name="testUserDeletion" status="pass" assertions="1"><system-out><![CDATA[]]></system-out></testcase><testcase classname="Flag.Drupal\Tests\flag\Kernel\AccessTest" name="testDefault" status="pass" assertions="1"><system-out><![CDATA[]]></system-out></testcase><testcase classname="Flag.Drupal\Tests\flag\Kernel\AccessTest" name="testOwnersAccess" status="failed" assertions="1"><failure message="fail: [Other] Line 91 of modules/flag/tests/src/Kernel/AccessTest.php:&#10;&#10;&#10;" type="fail"/><system-out><![CDATA[]]></system-out></testcase><testcase classname="Flag.Drupal\Tests\flag\Kernel\AccessTest" name="testUserFlag" status="failed" assertions="1"><failure message="fail: [Other] Line 195 of modules/flag/tests/src/Kernel/AccessTest.php:&#10;Drupal\Tests\flag\Kernel\AccessTest::testUserFlag&#10;Drupal\Core\Config\Schema\SchemaIncompleteException: Schema errors for flag.flag.selfies with the following errors: flag.flag.selfies:flagTypeConfig.access_uid missing schema&#10;&#10;/var/www/html/core/lib/Drupal/Core/Config/Testing/ConfigSchemaChecker.php:93&#10;/var/www/html/core/lib/Drupal/Component/EventDispatcher/ContainerAwareEventDispatcher.php:111&#10;/var/www/html/core/lib/Drupal/Core/Config/Config.php:227&#10;/var/www/html/core/lib/Drupal/Core/Config/Entity/ConfigEntityStorage.php:280&#10;/var/www/html/core/lib/Drupal/Core/Entity/EntityStorageBase.php:392&#10;/var/www/html/core/lib/Drupal/Core/Config/Entity/ConfigEntityStorage.php:259&#10;/var/www/html/core/lib/Drupal/Core/Entity/Entity.php:364&#10;/var/www/html/core/lib/Drupal/Core/Config/Entity/ConfigEntityBase.php:637&#10;/var/www/html/modules/flag/tests/src/Kernel/AccessTest.php:209&#10;&#10;&#10;" type="fail"/><system-out><![CDATA[]]></system-out></testcase><testcase classname="Flag.Drupal\Tests\flag\Kernel\AccessTest" name="rupal\Tests\flag\Kernel\AccessTe" status="failed" assertions="1"><failure message="fail: [Other] Line 0 of sites/default/files/simpletest/phpunit-18.xml:&#10;PHPunit Test failed to complete&#10;&#10;" type="fail"/><system-out><![CDATA[]]></system-out></testcase><testcase classname="Flag.Drupal\Tests\flag\Kernel\AccessTest" name="nkno" status="failed" assertions="1"><failure message="fail: [run-tests.sh check] Line 0 of :&#10;FATAL Drupal\Tests\flag\Kernel\AccessTest: test runner returned a non-zero error code (2).&#10;&#10;" type="fail"/><system-out><![CDATA[]]></system-out></testcase><testcase classname="Flag.Drupal\Tests\flag\Kernel\FlagServiceTest" name="testFlagServiceGetFlag" status="pass" assertions="1"><system-out><![CDATA[]]></system-out></testcase><testcase classname="Flag.Drupal\Tests\flag\Kernel\FlagServiceTest" name="testFlagServiceFlagExceptions" status="pass" assertions="1"><system-out><![CDATA[]]></system-out></testcase><testcase classname="Flag.Drupal\Tests\flag\Kernel\FlagServiceTest" name="testFlagServiceGetFlaggingUsers" status="pass" assertions="1"><system-out><![CDATA[]]></system-out></testcase></testsuite><testsuite id="1" name="Flag_bookmark" hostname="TODO: Set Hostname" package="Flag_bookmark" tests="5" failures="4" errors="1"><testcase classname="Flag_bookmark.Drupal\flag_bookmark\Tests\FlagBookmarkUITest" name="testUi" status="failed" assertions="1"><failure message="fail: [Completion check] Line 53 of modules/flag/modules/flag_bookmark/src/Tests/FlagBookmarkUITest.php:&#10;The test did not complete due to a fatal error.&#10;&#10;" type="fail"/><system-out><![CDATA[]]></system-out></testcase><testcase classname="Flag_bookmark.Drupal\flag_bookmark\Tests\FlagBookmarkUITest" name="onConfigSave" status="failed" assertions="1"><error message="exception: [Uncaught exception] Line 93 of core/lib/Drupal/Core/Config/Testing/ConfigSchemaChecker.php:&#10;Drupal\Core\Config\Schema\SchemaIncompleteException: Schema errors for flag.flag.bookmark with the following errors: flag.flag.bookmark:flagTypeConfig.extra_permissions.owner missing schema in Drupal\Core\Config\Testing\ConfigSchemaChecker-&gt;onConfigSave() (line 93 of /var/www/html/core/lib/Drupal/Core/Config/Testing/ConfigSchemaChecker.php). Drupal\Core\Config\Testing\ConfigSchemaChecker-&gt;onConfigSave(Object, 'config.save', Object) (Line: 111)&#10;Drupal\Component\EventDispatcher\ContainerAwareEventDispatcher-&gt;dispatch('config.save', Object) (Line: 227)&#10;Drupal\Core\Config\Config-&gt;save(1) (Line: 280)&#10;Drupal\Core\Config\Entity\ConfigEntityStorage-&gt;doSave('bookmark', Object) (Line: 392)&#10;Drupal\Core\Entity\EntityStorageBase-&gt;save(Object) (Line: 259)&#10;Drupal\Core\Config\Entity\ConfigEntityStorage-&gt;save(Object) (Line: 364)&#10;Drupal\Core\Entity\Entity-&gt;save() (Line: 637)&#10;Drupal\Core\Config\Entity\ConfigEntityBase-&gt;save() (Line: 321)&#10;Drupal\Core\Config\ConfigInstaller-&gt;createConfiguration('', Array) (Line: 125)&#10;Drupal\Core\Config\ConfigInstaller-&gt;installDefaultConfig('module', 'flag_bookmark') (Line: 75)&#10;Drupal\Core\ProxyClass\Config\ConfigInstaller-&gt;installDefaultConfig('module', 'flag_bookmark') (Line: 248)&#10;Drupal\Core\Extension\ModuleInstaller-&gt;install(Array, 1) (Line: 83)&#10;Drupal\Core\ProxyClass\Extension\ModuleInstaller-&gt;install(Array, 1) (Line: 893)&#10;Drupal\simpletest\WebTestBase-&gt;installModulesFromClassProperty(Object) (Line: 561)&#10;Drupal\simpletest\WebTestBase-&gt;setUp() (Line: 36)&#10;Drupal\flag_bookmark\Tests\FlagBookmarkUITest-&gt;setUp() (Line: 1049)&#10;Drupal\simpletest\TestBase-&gt;run(Array) (Line: 727)&#10;simpletest_script_run_one_test('13', 'Drupal\flag_bookmark\Tests\FlagBookmarkUITest') (Line: 59)&#10;&#10;&#10;" type="exception"/><system-out><![CDATA[]]></system-out></testcase><testcase classname="Flag_bookmark.Drupal\Tests\flag_bookmark\Kernel\FlagBookmarkInstallUninstallTest" name="testInstallUninstall" status="failed" assertions="1"><failure message="fail: [Other] Line 16 of modules/flag/modules/flag_bookmark/tests/src/Kernel/FlagBookmarkInstallUninstallTest.php:&#10;Drupal\Tests\flag_bookmark\Kernel\FlagBookmarkInstallUninstallTest::testInstallUninstall&#10;Drupal\Core\Config\Schema\SchemaIncompleteException: Schema errors for flag.flag.bookmark with the following errors: flag.flag.bookmark:flagTypeConfig.extra_permissions.owner missing schema&#10;&#10;/var/www/html/core/lib/Drupal/Core/Config/Testing/ConfigSchemaChecker.php:93&#10;/var/www/html/core/lib/Drupal/Component/EventDispatcher/ContainerAwareEventDispatcher.php:111&#10;/var/www/html/core/lib/Drupal/Core/Config/Config.php:227&#10;/var/www/html/core/lib/Drupal/Core/Config/Entity/ConfigEntityStorage.php:280&#10;/var/www/html/core/lib/Drupal/Core/Entity/EntityStorageBase.php:392&#10;/var/www/html/core/lib/Drupal/Core/Config/Entity/ConfigEntityStorage.php:259&#10;/var/www/html/core/lib/Drupal/Core/Entity/Entity.php:364&#10;/var/www/html/core/lib/Drupal/Core/Config/Entity/ConfigEntityBase.php:637&#10;/var/www/html/core/lib/Drupal/Core/Config/ConfigInstaller.php:321&#10;/var/www/html/core/lib/Drupal/Core/Config/ConfigInstaller.php:125&#10;/var/www/html/core/lib/Drupal/Core/ProxyClass/Config/ConfigInstaller.php:75&#10;/var/www/html/core/lib/Drupal/Core/Extension/ModuleInstaller.php:248&#10;/var/www/html/core/lib/Drupal/Core/ProxyClass/Extension/ModuleInstaller.php:83&#10;/var/www/html/modules/flag/modules/flag_bookmark/tests/src/Kernel/FlagBookmarkInstallUninstallTest.php:24&#10;&#10;&#10;" type="fail"/><system-out><![CDATA[]]></system-out></testcase><testcase classname="Flag_bookmark.Drupal\Tests\flag_bookmark\Kernel\FlagBookmarkInstallUninstallTest" name="rupal\Tests\flag_bookmark\Kernel\FlagBookmarkInstallUninstallTe" status="failed" assertions="1"><failure message="fail: [Other] Line 0 of sites/default/files/simpletest/phpunit-14.xml:&#10;PHPunit Test failed to complete&#10;&#10;" type="fail"/><system-out><![CDATA[]]></system-out></testcase><testcase classname="Flag_bookmark.Drupal\Tests\flag_bookmark\Kernel\FlagBookmarkInstallUninstallTest" name="nkno" status="failed" assertions="1"><failure message="fail: [run-tests.sh check] Line 0 of :&#10;FATAL Drupal\Tests\flag_bookmark\Kernel\FlagBookmarkInstallUninstallTest: test runner returned a non-zero error code (2).&#10;&#10;" type="fail"/><system-out><![CDATA[]]></system-out></testcase></testsuite><testsuite id="2" name="Flag_follower" hostname="TODO: Set Hostname" package="Flag_follower" tests="5" failures="4" errors="1"><testcase classname="Flag_follower.Drupal\flag_follower\Tests\FlagFollowerUITest" name="testUi" status="failed" assertions="1"><failure message="fail: [Completion check] Line 133 of modules/flag/modules/flag_follower/src/Tests/FlagFollowerUITest.php:&#10;The test did not complete due to a fatal error.&#10;&#10;" type="fail"/><system-out><![CDATA[]]></system-out></testcase><testcase classname="Flag_follower.Drupal\flag_follower\Tests\FlagFollowerUITest" name="onConfigSave" status="failed" assertions="1"><error message="exception: [Uncaught exception] Line 93 of core/lib/Drupal/Core/Config/Testing/ConfigSchemaChecker.php:&#10;Drupal\Core\Config\Schema\SchemaIncompleteException: Schema errors for flag.flag.following with the following errors: flag.flag.following:flagTypeConfig.access_uid missing schema, flag.flag.following:flagTypeConfig.extra_permissions.owner missing schema in Drupal\Core\Config\Testing\ConfigSchemaChecker-&gt;onConfigSave() (line 93 of /var/www/html/core/lib/Drupal/Core/Config/Testing/ConfigSchemaChecker.php). Drupal\Core\Config\Testing\ConfigSchemaChecker-&gt;onConfigSave(Object, 'config.save', Object) (Line: 111)&#10;Drupal\Component\EventDispatcher\ContainerAwareEventDispatcher-&gt;dispatch('config.save', Object) (Line: 227)&#10;Drupal\Core\Config\Config-&gt;save(1) (Line: 280)&#10;Drupal\Core\Config\Entity\ConfigEntityStorage-&gt;doSave('following', Object) (Line: 392)&#10;Drupal\Core\Entity\EntityStorageBase-&gt;save(Object) (Line: 259)&#10;Drupal\Core\Config\Entity\ConfigEntityStorage-&gt;save(Object) (Line: 364)&#10;Drupal\Core\Entity\Entity-&gt;save() (Line: 637)&#10;Drupal\Core\Config\Entity\ConfigEntityBase-&gt;save() (Line: 321)&#10;Drupal\Core\Config\ConfigInstaller-&gt;createConfiguration('', Array) (Line: 125)&#10;Drupal\Core\Config\ConfigInstaller-&gt;installDefaultConfig('module', 'flag_follower') (Line: 75)&#10;Drupal\Core\ProxyClass\Config\ConfigInstaller-&gt;installDefaultConfig('module', 'flag_follower') (Line: 248)&#10;Drupal\Core\Extension\ModuleInstaller-&gt;install(Array, 1) (Line: 83)&#10;Drupal\Core\ProxyClass\Extension\ModuleInstaller-&gt;install(Array, 1) (Line: 893)&#10;Drupal\simpletest\WebTestBase-&gt;installModulesFromClassProperty(Object) (Line: 561)&#10;Drupal\simpletest\WebTestBase-&gt;setUp() (Line: 80)&#10;Drupal\flag_follower\Tests\FlagFollowerUITest-&gt;setUp() (Line: 1049)&#10;Drupal\simpletest\TestBase-&gt;run(Array) (Line: 727)&#10;simpletest_script_run_one_test('15', 'Drupal\flag_follower\Tests\FlagFollowerUITest') (Line: 59)&#10;&#10;&#10;" type="exception"/><system-out><![CDATA[]]></system-out></testcase><testcase classname="Flag_follower.Drupal\Tests\flag_follower\Kernel\FlagFollowerInstallUninstallTest" name="testInstallUninstall" status="failed" assertions="1"><failure message="fail: [Other] Line 16 of modules/flag/modules/flag_follower/tests/src/Kernel/FlagFollowerInstallUninstallTest.php:&#10;Drupal\Tests\flag_follower\Kernel\FlagFollowerInstallUninstallTest::testInstallUninstall&#10;Drupal\Core\Config\Schema\SchemaIncompleteException: Schema errors for flag.flag.following with the following errors: flag.flag.following:flagTypeConfig.access_uid missing schema, flag.flag.following:flagTypeConfig.extra_permissions.owner missing schema&#10;&#10;/var/www/html/core/lib/Drupal/Core/Config/Testing/ConfigSchemaChecker.php:93&#10;/var/www/html/core/lib/Drupal/Component/EventDispatcher/ContainerAwareEventDispatcher.php:111&#10;/var/www/html/core/lib/Drupal/Core/Config/Config.php:227&#10;/var/www/html/core/lib/Drupal/Core/Config/Entity/ConfigEntityStorage.php:280&#10;/var/www/html/core/lib/Drupal/Core/Entity/EntityStorageBase.php:392&#10;/var/www/html/core/lib/Drupal/Core/Config/Entity/ConfigEntityStorage.php:259&#10;/var/www/html/core/lib/Drupal/Core/Entity/Entity.php:364&#10;/var/www/html/core/lib/Drupal/Core/Config/Entity/ConfigEntityBase.php:637&#10;/var/www/html/core/lib/Drupal/Core/Config/ConfigInstaller.php:321&#10;/var/www/html/core/lib/Drupal/Core/Config/ConfigInstaller.php:125&#10;/var/www/html/core/lib/Drupal/Core/ProxyClass/Config/ConfigInstaller.php:75&#10;/var/www/html/core/lib/Drupal/Core/Extension/ModuleInstaller.php:248&#10;/var/www/html/core/lib/Drupal/Core/ProxyClass/Extension/ModuleInstaller.php:83&#10;/var/www/html/modules/flag/modules/flag_follower/tests/src/Kernel/FlagFollowerInstallUninstallTest.php:24&#10;&#10;&#10;" type="fail"/><system-out><![CDATA[]]></system-out></testcase><testcase classname="Flag_follower.Drupal\Tests\flag_follower\Kernel\FlagFollowerInstallUninstallTest" name="rupal\Tests\flag_follower\Kernel\FlagFollowerInstallUninstallTe" status="failed" assertions="1"><failure message="fail: [Other] Line 0 of sites/default/files/simpletest/phpunit-16.xml:&#10;PHPunit Test failed to complete&#10;&#10;" type="fail"/><system-out><![CDATA[]]></system-out></testcase><testcase classname="Flag_follower.Drupal\Tests\flag_follower\Kernel\FlagFollowerInstallUninstallTest" name="nkno" status="failed" assertions="1"><failure message="fail: [run-tests.sh check] Line 0 of :&#10;FATAL Drupal\Tests\flag_follower\Kernel\FlagFollowerInstallUninstallTest: test runner returned a non-zero error code (2).&#10;&#10;" type="fail"/><system-out><![CDATA[]]></system-out></testcase></testsuite></testsuites>
