<?xml version="1.0"?>
<testsuites name="TODO SET" time="TODO SET" tests="4" failures="0" errors="0"><testsuite id="0" name="Monolog" hostname="TODO: Set Hostname" package="Monolog" tests="4" failures="0" errors="0"><testcase classname="Monolog.Drupal\Tests\monolog\Unit\Logger\LoggerTest" name="testAddRecord with data set #0" status="pass" assertions="1"><system-out><![CDATA[]]></system-out></testcase><testcase classname="Monolog.Drupal\Tests\monolog\Unit\Logger\LoggerTest" name="testAddRecord with data set #1" status="pass" assertions="1"><system-out><![CDATA[]]></system-out></testcase><testcase classname="Monolog.Drupal\Tests\monolog\Unit\Logger\LoggerTest" name="testAddRecord with data set #2" status="pass" assertions="1"><system-out><![CDATA[]]></system-out></testcase><testcase classname="Monolog.Drupal\Tests\monolog\Unit\Logger\LoggerTest" name="testAddRecord with data set #3" status="pass" assertions="1"><system-out><![CDATA[]]></system-out></testcase></testsuite></testsuites>
